<?xml version="1.0" encoding="UTF-8"?>
<!-- Generated by org.testng.reporters.JUnitXMLReporter -->
<testsuite hostname="DESKTOP-Q4TAH8N" ignored="0" name="Test" tests="1" failures="1" timestamp="07 Jul 2018 21:06:19 GMT" time="13.715" errors="0">
  <testcase name="loginAsBankManager" time="13.671" classname="com.mt.testcases.LoginTest">
    <failure type="java.lang.AssertionError" message="Did not find the Element expected [true] but found [false]">
      <![CDATA[java.lang.AssertionError: Did not find the Element expected [true] but found [false]
	at com.mt.testcases.LoginTest.loginAsBankManager(LoginTest.java:26)
... Removed 28 stack frames]]>
    </failure>
  </testcase> <!-- loginAsBankManager -->
</testsuite> <!-- Test -->
